<?xml version="1.0" encoding="UTF-8"?>
<!-- Generated by org.testng.reporters.JUnitReportReporter -->
<testsuite hostname="DESKTOP-NILSN9F" failures="0" tests="1" name="TestRunner.Runner" time="0.124" errors="0" timestamp="2024-01-31T19:54:27 IST" skipped="0">
  <testcase classname="TestRunner.Runner" name="runScenario" time="0.124"/>
  <system-out/>
</testsuite> <!-- TestRunner.Runner -->
