<?xml version="1.0" encoding="UTF-8"?>
<!-- Generated by org.testng.reporters.JUnitReportReporter -->
<testsuite hostname="Dharun" failures="0" tests="1" name="TestRunner.CreateAccLUMA_TestRunner" time="26.019" errors="0" timestamp="2024-04-30T21:55:31 IST" skipped="0">
  <testcase classname="TestRunner.CreateAccLUMA_TestRunner" name="runScenario" time="26.019"/>
</testsuite> <!-- TestRunner.CreateAccLUMA_TestRunner -->
