<?xml version="1.0" encoding="UTF-8"?>
<!-- Generated by org.testng.reporters.JUnitReportReporter -->
<testsuite hostname="Dharun" failures="0" tests="4" name="TestRunner.CreateAccLUMA_TestRunner" time="52.288" errors="0" timestamp="2024-03-22T10:18:52 IST" skipped="0">
  <testcase classname="TestRunner.CreateAccLUMA_TestRunner" name="runScenario" time="9.990"/>
  <testcase classname="TestRunner.CreateAccLUMA_TestRunner" name="runScenario" time="20.558"/>
  <testcase classname="TestRunner.CreateAccLUMA_TestRunner" name="runScenario" time="9.276"/>
  <testcase classname="TestRunner.CreateAccLUMA_TestRunner" name="runScenario" time="12.464"/>
</testsuite> <!-- TestRunner.CreateAccLUMA_TestRunner -->
