<?xml version="1.0" encoding="UTF-8"?>
<!-- Generated by org.testng.reporters.JUnitReportReporter -->
<testsuite hostname="DESKTOP-NILSN9F" failures="0" tests="2" name="TestRunner.CreateAccLUMA_TestRunner" time="61.710" errors="0" timestamp="2024-02-05T19:50:17 IST" skipped="0">
  <testcase classname="TestRunner.CreateAccLUMA_TestRunner" name="print" time="0.010"/>
  <testcase classname="TestRunner.CreateAccLUMA_TestRunner" name="runScenario" time="61.700"/>
</testsuite> <!-- TestRunner.CreateAccLUMA_TestRunner -->
